<?xml version="1.0" encoding="UTF-8" standalone="yes"?>
<testsuites name="PartyOnboardingPersonal" time="78" tests="3" failures="0" errors="0">
    <testsuite name="PartyOnboardingPersonal" tests="3" failures="0" errors="0" time="78" timestamp="2019-08-22 20:36:42" hostname="HP - CNU406BFVL" id="Test Suites/DataPreparation/PartyOnboardingPersonal">
        <properties>
            <property name="deviceName" value=""/>
            <property name="devicePlatform" value=""/>
            <property name="logFolder" value="C:\\ML\\JITS\\AYA\\Automation\\FBE\\FBE\\Reports\\DataPreparation\\PartyOnboardingPersonal\\20190822_203639"/>
            <property name="logFiles" value="C:\\ML\\JITS\\AYA\\Automation\\FBE\\FBE\\Reports\\DataPreparation\\PartyOnboardingPersonal\\20190822_203639\\execution0.log"/>
            <property name="attachments" value="C:\\ML\\JITS\\AYA\\Automation\\FBE\\FBE\\Reports\\DataPreparation\\PartyOnboardingPersonal\\20190822_203639\\1566482880157.png"/>
            <property name="hostName" value="HP - CNU406BFVL"/>
            <property name="os" value="Windows 7 64bit"/>
            <property name="katalonVersion" value="6.2.2.4"/>
            <property name="browser" value="Chrome 76.0.3809.100"/>
            <property name="hostAddress" value="10.9.13.62"/>
            <property name="sessionId" value="7fe417dc051d165eb62e8d72d90ecec0"/>
            <property name="seleniumVersion" value="3.141.59"/>
            <property name="proxyInformation" value="ProxyInformation{proxyOption=NO_PROXY, proxyServerType=HTTP, password=, proxyServerAddress=, proxyServerPort=0}"/>
            <property name="platform" value="Windows 7"/>
        </properties>
        <testcase name="Test Cases/Login" classname="Test Cases/Login" status="PASSED">
            <system-out>2019-08-22 20:36:42 - [TEST_CASE][PASSED] - Test Cases/Login: Test Cases/Login&#xD;
&#xD;
2019-08-22 20:36:42 - [TEST_STEP][PASSED] - Start listener action : sampleBeforeTestCase: null&#xD;
&#xD;
2019-08-22 20:36:42 - [TEST_STEP][PASSED] - testCaseID = testCaseContext.getTestCaseId(): null&#xD;
&#xD;
2019-08-22 20:36:43 - [TEST_STEP][PASSED] - logger = new com.kms.katalon.core.util.KeywordUtil(): null&#xD;
&#xD;
2019-08-22 20:36:43 - [TEST_STEP][PASSED] - loginPage = new pageObjects.LoginPage(): null&#xD;
&#xD;
2019-08-22 20:36:43 - [TEST_STEP][PASSED] - logger.logInfo("Login - Step01 - Open browser"): Login - Step01 - Open browser&#xD;
&#xD;
2019-08-22 20:36:43 - [MESSAGE][INFO] - Login - Step01 - Open browser&#xD;
&#xD;
2019-08-22 20:36:43 - [TEST_STEP][PASSED] - loginPage.openBrowser(url, active): Current window maximized&#xD;
&#xD;
2019-08-22 20:36:43 - [MESSAGE][INFO] - Starting 'Chrome' driver&#xD;
&#xD;
2019-08-22 20:36:43 - [MESSAGE][INFO] - Action delay is set to 0 seconds&#xD;
&#xD;
2019-08-22 20:36:52 - [MESSAGE][PASSED] - Browser is opened with url: 'http://172.24.192.30:9080/uxp/rt/html/layout.html?locale=en-gb'&#xD;
&#xD;
2019-08-22 20:36:53 - [MESSAGE][PASSED] - Current window maximized&#xD;
&#xD;
2019-08-22 20:36:53 - [TEST_STEP][PASSED] - logger.logInfo("Login - Step02 - Input Username"): Login - Step02 - Input Username&#xD;
&#xD;
2019-08-22 20:36:53 - [MESSAGE][INFO] - Login - Step02 - Input Username&#xD;
&#xD;
2019-08-22 20:36:53 - [TEST_STEP][PASSED] - loginPage.inputUsername(username, active): Keys 'br1user006' sent to object: 'Object Repository/LogIn/input_Username_user'&#xD;
&#xD;
2019-08-22 20:36:54 - [MESSAGE][PASSED] - Object 'Object Repository/LogIn/input_Username_user' is present&#xD;
&#xD;
2019-08-22 20:36:54 - [MESSAGE][PASSED] - Keys 'br1user006' sent to object: 'Object Repository/LogIn/input_Username_user'&#xD;
&#xD;
2019-08-22 20:36:54 - [TEST_STEP][PASSED] - logger.logInfo("Login - Step03 - Input Password"): Login - Step03 - Input Password&#xD;
&#xD;
2019-08-22 20:36:54 - [MESSAGE][INFO] - Login - Step03 - Input Password&#xD;
&#xD;
2019-08-22 20:36:54 - [TEST_STEP][PASSED] - loginPage.inputPassword(password, active): Keys 'User006!@#' sent to object: 'Object Repository/LogIn/input_Password_pwd'&#xD;
&#xD;
2019-08-22 20:36:54 - [MESSAGE][PASSED] - Object 'Object Repository/LogIn/input_Password_pwd' is present&#xD;
&#xD;
2019-08-22 20:36:54 - [MESSAGE][PASSED] - Keys 'User006!@#' sent to object: 'Object Repository/LogIn/input_Password_pwd'&#xD;
&#xD;
2019-08-22 20:36:54 - [TEST_STEP][PASSED] - logger.logInfo("Login - Step04 - Click Sign In button"): Login - Step04 - Click Sign In button&#xD;
&#xD;
2019-08-22 20:36:54 - [MESSAGE][INFO] - Login - Step04 - Click Sign In button&#xD;
&#xD;
2019-08-22 20:36:54 - [TEST_STEP][PASSED] - loginPage.clickSingin(active): Object: 'Object Repository/LogIn/input_Password_login' is clicked on&#xD;
&#xD;
2019-08-22 20:36:54 - [MESSAGE][PASSED] - Object 'Object Repository/LogIn/input_Password_login' is present&#xD;
&#xD;
2019-08-22 20:36:55 - [MESSAGE][PASSED] - Object: 'Object Repository/LogIn/input_Password_login' is clicked on&#xD;
&#xD;
2019-08-22 20:36:55 - [TEST_STEP][PASSED] - logger.logInfo("Login - wait load page"): Login - wait load page&#xD;
&#xD;
2019-08-22 20:36:55 - [MESSAGE][INFO] - Login - wait load page&#xD;
&#xD;
2019-08-22 20:36:55 - [TEST_STEP][PASSED] - loginPage.waitLoadPage(active): Wait for page load successfully&#xD;
&#xD;
2019-08-22 20:36:55 - [MESSAGE][PASSED] - Wait for page load successfully</system-out>
            <system-err></system-err>
        </testcase>
        <testcase name="Test Cases/DataPreparation/ConfirmDataPreparation" classname="Test Cases/DataPreparation/ConfirmDataPreparation" status="PASSED">
            <system-out>2019-08-22 20:36:55 - [TEST_CASE][PASSED] - Test Cases/DataPreparation/ConfirmDataPreparation: Test Cases/DataPreparation/ConfirmDataPreparation&#xD;
&#xD;
2019-08-22 20:36:55 - [TEST_STEP][PASSED] - Start listener action : sampleBeforeTestCase: null&#xD;
&#xD;
2019-08-22 20:36:55 - [TEST_STEP][PASSED] - testCaseID = testCaseContext.getTestCaseId(): null&#xD;
&#xD;
2019-08-22 20:36:55 - [TEST_STEP][PASSED] - log = new com.kms.katalon.core.logging.KeywordLogger(): null&#xD;
&#xD;
2019-08-22 20:36:55 - [TEST_STEP][PASSED] - notificationPage = new pageObjects.NotificationPage(): null&#xD;
&#xD;
2019-08-22 20:36:55 - [TEST_STEP][PASSED] - step = "": null&#xD;
&#xD;
2019-08-22 20:36:55 - [TEST_STEP][PASSED] - step = "1": null&#xD;
&#xD;
2019-08-22 20:36:55 - [TEST_STEP][PASSED] - log.logInfo("Confirmation - Step0" + step + " Click Notification icon"): Confirmation - Step01 Click Notification icon&#xD;
&#xD;
2019-08-22 20:36:55 - [MESSAGE][INFO] - Confirmation - Step01 Click Notification icon&#xD;
&#xD;
2019-08-22 20:36:55 - [TEST_STEP][PASSED] - notificationPage.clickNotificationIcon(): Object: 'Object Repository/ProcessApprovalConfirmation/NotificationIcon_btn' is clicked on&#xD;
&#xD;
2019-08-22 20:36:58 - [MESSAGE][PASSED] - Delayed 2 second(s)&#xD;
&#xD;
2019-08-22 20:36:58 - [MESSAGE][PASSED] - Object 'Object Repository/ProcessApprovalConfirmation/NotificationIcon_btn' is visible&#xD;
&#xD;
2019-08-22 20:36:58 - [MESSAGE][PASSED] - Object: 'Object Repository/ProcessApprovalConfirmation/NotificationIcon_btn' is clicked on&#xD;
&#xD;
2019-08-22 20:36:58 - [TEST_STEP][PASSED] - step = "2": null&#xD;
&#xD;
2019-08-22 20:36:58 - [TEST_STEP][PASSED] - log.logInfo("Confirmation - Step0" + step + " Click Approval description"): Confirmation - Step02 Click Approval description&#xD;
&#xD;
2019-08-22 20:36:58 - [MESSAGE][INFO] - Confirmation - Step02 Click Approval description&#xD;
&#xD;
2019-08-22 20:36:58 - [TEST_STEP][PASSED] - notificationPage.clickDescription("Approval"): Execute JavaScript 'arguments[0].click();' successfully&#xD;
&#xD;
2019-08-22 20:36:59 - [MESSAGE][PASSED] - Object 'Object Repository/NotificationPage/NotificationTypes_rdo' is visible&#xD;
&#xD;
2019-08-22 20:37:01 - [MESSAGE][PASSED] - Delayed 2 second(s)&#xD;
&#xD;
2019-08-22 20:37:01 - [MESSAGE][PASSED] - Object 'Object Repository/NotificationPage/NotificationTypes_rdo' is visible&#xD;
&#xD;
2019-08-22 20:37:01 - [MESSAGE][PASSED] - Execute JavaScript 'arguments[0].click();' successfully&#xD;
&#xD;
2019-08-22 20:37:03 - [MESSAGE][PASSED] - Delayed 2 second(s)&#xD;
&#xD;
2019-08-22 20:37:03 - [MESSAGE][PASSED] - Object 'Object Repository/PartyOnboarding/btn_Next' is visible&#xD;
&#xD;
2019-08-22 20:37:03 - [MESSAGE][PASSED] - Execute JavaScript 'arguments[0].click();' successfully&#xD;
&#xD;
2019-08-22 20:37:03 - [TEST_STEP][PASSED] - step = "3": null&#xD;
&#xD;
2019-08-22 20:37:03 - [TEST_STEP][PASSED] - log.logInfo("Confirmation - Step0" + step + " Confirmed Party Creation"): Confirmation - Step03 Confirmed Party Creation&#xD;
&#xD;
2019-08-22 20:37:03 - [MESSAGE][INFO] - Confirmation - Step03 Confirmed Party Creation&#xD;
&#xD;
2019-08-22 20:37:03 - [TEST_STEP][PASSED] - notificationPage.clickConfirmed(description, "Approval"): com.kms.katalon.core.webui.exception.WebElementNotFoundException: Web element with id: 'Object Repository/ProcessApprovalConfirmation/ListTaskID_rdo' located by 'By.xpath: //td[text()='Approval' and @idx=1]/preceding-sibling::td[@idx='0']' not found (Root cause: com.kms.katalon.core.exception.StepFailedException: com.kms.katalon.core.webui.exception.WebElementNotFoundException: Web element with id: 'Object Repository/ProcessApprovalConfirmation/ListTaskID_rdo' located by 'By.xpath: //td[text()='Approval' and @idx=1]/preceding-sibling::td[@idx='0']' not found&#xD;
	at com.kms.katalon.core.webui.keyword.internal.WebUIKeywordMain.stepFailed(WebUIKeywordMain.groovy:64)&#xD;
	at com.kms.katalon.core.webui.keyword.builtin.VerifyElementPresentKeyword$_verifyElementPresent_closure1.doCall(VerifyElementPresentKeyword.groovy:85)&#xD;
	at com.kms.katalon.core.webui.keyword.builtin.VerifyElementPresentKeyword$_verifyElementPresent_closure1.call(VerifyElementPresentKeyword.groovy)&#xD;
	at com.kms.katalon.core.webui.keyword.internal.WebUIKeywordMain.runKeyword(WebUIKeywordMain.groovy:20)&#xD;
	at com.kms.katalon.core.webui.keyword.builtin.VerifyElementPresentKeyword.verifyElementPresent(VerifyElementPresentKeyword.groovy:92)&#xD;
	at com.kms.katalon.core.webui.keyword.builtin.VerifyElementPresentKeyword.execute(VerifyElementPresentKeyword.groovy:68)&#xD;
	at com.kms.katalon.core.keyword.internal.KeywordExecutor.executeKeywordForPlatform(KeywordExecutor.groovy:56)&#xD;
	at com.kms.katalon.core.webui.keyword.WebUiBuiltInKeywords.verifyElementPresent(WebUiBuiltInKeywords.groovy:1418)&#xD;
	at com.kms.katalon.core.webui.keyword.WebUiBuiltInKeywords$verifyElementPresent$8.call(Unknown Source)&#xD;
	at pageObjects.NotificationPage.clickConfirmed(NotificationPage.groovy:153)&#xD;
	at ConfirmDataPreparation.run(ConfirmDataPreparation:34)&#xD;
	at com.kms.katalon.core.main.ScriptEngine.run(ScriptEngine.java:194)&#xD;
	at com.kms.katalon.core.main.ScriptEngine.runScriptAsRawText(ScriptEngine.java:119)&#xD;
	at com.kms.katalon.core.main.TestCaseExecutor.runScript(TestCaseExecutor.java:337)&#xD;
	at com.kms.katalon.core.main.TestCaseExecutor.doExecute(TestCaseExecutor.java:328)&#xD;
	at com.kms.katalon.core.main.TestCaseExecutor.processExecutionPhase(TestCaseExecutor.java:307)&#xD;
	at com.kms.katalon.core.main.TestCaseExecutor.accessMainPhase(TestCaseExecutor.java:299)&#xD;
	at com.kms.katalon.core.main.TestCaseExecutor.execute(TestCaseExecutor.java:233)&#xD;
	at com.kms.katalon.core.main.TestSuiteExecutor.accessTestCaseMainPhase(TestSuiteExecutor.java:133)&#xD;
	at com.kms.katalon.core.main.TestSuiteExecutor.accessTestSuiteMainPhase(TestSuiteExecutor.java:116)&#xD;
	at com.kms.katalon.core.main.TestSuiteExecutor.execute(TestSuiteExecutor.java:83)&#xD;
	at com.kms.katalon.core.main.TestCaseMain.startTestSuite(TestCaseMain.java:157)&#xD;
	at com.kms.katalon.core.main.TestCaseMain$startTestSuite$0.call(Unknown Source)&#xD;
	at TempTestSuite1566482799294.run(TempTestSuite1566482799294.groovy:35)&#xD;
)&#xD;
&#xD;
2019-08-22 20:37:04 - [MESSAGE][PASSED] - Delayed 1 second(s)&#xD;
&#xD;
2019-08-22 20:37:04 - [MESSAGE][PASSED] - Object 'Object Repository/ProcessApprovalConfirmation/ListTaskID_txt' is visible&#xD;
&#xD;
2019-08-22 20:37:04 - [MESSAGE][PASSED] - Object 'Object Repository/ProcessApprovalConfirmation/ListTaskID_rdo' is visible&#xD;
&#xD;
2019-08-22 20:37:04 - [MESSAGE][PASSED] - Object 'Object Repository/ProcessApprovalConfirmation/ListTaskID_rdo' is present&#xD;
&#xD;
2019-08-22 20:37:04 - [MESSAGE][PASSED] - Object 'Object Repository/ProcessApprovalConfirmation/ListTaskID_txt' is visible&#xD;
&#xD;
2019-08-22 20:37:04 - [MESSAGE][PASSED] - Object 'Object Repository/ProcessApprovalConfirmation/ListTaskID_rdo' is visible&#xD;
&#xD;
2019-08-22 20:37:04 - [MESSAGE][PASSED] - Object 'Object Repository/ProcessApprovalConfirmation/ListTaskID_rdo' is clickable&#xD;
&#xD;
2019-08-22 20:37:06 - [MESSAGE][PASSED] - Delayed 2 second(s)&#xD;
&#xD;
2019-08-22 20:37:07 - [MESSAGE][PASSED] - Text of object 'Object Repository/NotificationPage/TaskDescription_txt' is: 'Supervisor Authorization required for Party Onboarding'&#xD;
&#xD;
2019-08-22 20:37:09 - [MESSAGE][PASSED] - Delayed 2 second(s)&#xD;
&#xD;
2019-08-22 20:37:09 - [MESSAGE][PASSED] - Object 'Object Repository/PartyOnboarding/btn_Next' is visible&#xD;
&#xD;
2019-08-22 20:37:09 - [MESSAGE][PASSED] - Object: 'Object Repository/PartyOnboarding/btn_Next' is clicked on&#xD;
&#xD;
2019-08-22 20:37:11 - [MESSAGE][PASSED] - Delayed 2 second(s)&#xD;
&#xD;
2019-08-22 20:37:13 - [MESSAGE][PASSED] - Delayed 2 second(s)&#xD;
&#xD;
2019-08-22 20:37:13 - [MESSAGE][PASSED] - Object 'Object Repository/ProcessApprovalConfirmation/chk_TickToDenoteCompliance' is present&#xD;
&#xD;
2019-08-22 20:37:13 - [MESSAGE][PASSED] - Execute JavaScript 'arguments[0].click();' successfully&#xD;
&#xD;
2019-08-22 20:37:15 - [MESSAGE][PASSED] - Delayed 2 second(s)&#xD;
&#xD;
2019-08-22 20:37:15 - [MESSAGE][PASSED] - Object 'Object Repository/PartyOnboarding/btn_Next' is visible&#xD;
&#xD;
2019-08-22 20:37:15 - [MESSAGE][PASSED] - Execute JavaScript 'arguments[0].click();' successfully&#xD;
&#xD;
2019-08-22 20:37:16 - [MESSAGE][PASSED] - Attribute 'value' of object 'Object Repository/ProcessApprovalConfirmation/PartyID/lbl_PartyType' is: 'Personal'&#xD;
&#xD;
2019-08-22 20:37:16 - [MESSAGE][PASSED] - Object 'Object Repository/ProcessApprovalConfirmation/PartyID/lbl_PartyID' is visible&#xD;
&#xD;
2019-08-22 20:37:16 - [MESSAGE][PASSED] - Attribute 'value' of object 'Object Repository/ProcessApprovalConfirmation/PartyID/lbl_PartyID' is: '6HV1FHSI'&#xD;
&#xD;
2019-08-22 20:37:18 - [MESSAGE][PASSED] - Wait for page load successfully&#xD;
&#xD;
2019-08-22 20:37:23 - [MESSAGE][INFO] - Unable to find the element located by 'By.xpath: //span[text()='Resume Party Onboarding']/following-sibling::span[@title='Close']'. Please recheck the objects properties to make sure the desired element is located. &#xD;
&#xD;
2019-08-22 20:37:23 - [MESSAGE][WARNING] - Object 'Object Repository/btn_ClosePage' is not present after 5 second(s)&#xD;
&#xD;
2019-08-22 20:37:23 - [MESSAGE][PASSED] - Object 'Object Repository/btn_ClosePage' is visible&#xD;
&#xD;
2019-08-22 20:37:23 - [MESSAGE][PASSED] - Object: 'Object Repository/btn_ClosePage' is clicked on&#xD;
&#xD;
2019-08-22 20:37:28 - [MESSAGE][INFO] - Unable to find the element located by 'By.xpath: //td[text()='Approval']/preceding-sibling::td'. Please recheck the objects properties to make sure the desired element is located. &#xD;
&#xD;
2019-08-22 20:37:28 - [MESSAGE][WARNING] - Web element with id: 'Object Repository/NotificationPage/NotificationTypes_rdo' located by 'By.xpath: //td[text()='Approval']/preceding-sibling::td' not found&#xD;
&#xD;
2019-08-22 20:38:00 - [MESSAGE][INFO] - Unable to find the element located by 'By.xpath: //td[text()='Approval' and @idx=1]/preceding-sibling::td[@idx='0']'. Please recheck the objects properties to make sure the desired element is located. &#xD;
&#xD;
2019-08-22 20:38:00 - [MESSAGE][WARNING] - com.kms.katalon.core.webui.exception.WebElementNotFoundException: Web element with id: 'Object Repository/ProcessApprovalConfirmation/ListTaskID_rdo' located by 'By.xpath: //td[text()='Approval' and @idx=1]/preceding-sibling::td[@idx='0']' not found (Root cause: com.kms.katalon.core.exception.StepFailedException: com.kms.katalon.core.webui.exception.WebElementNotFoundException: Web element with id: 'Object Repository/ProcessApprovalConfirmation/ListTaskID_rdo' located by 'By.xpath: //td[text()='Approval' and @idx=1]/preceding-sibling::td[@idx='0']' not found&#xD;
	at com.kms.katalon.core.webui.keyword.internal.WebUIKeywordMain.stepFailed(WebUIKeywordMain.groovy:64)&#xD;
	at com.kms.katalon.core.webui.keyword.builtin.VerifyElementPresentKeyword$_verifyElementPresent_closure1.doCall(VerifyElementPresentKeyword.groovy:85)&#xD;
	at com.kms.katalon.core.webui.keyword.builtin.VerifyElementPresentKeyword$_verifyElementPresent_closure1.call(VerifyElementPresentKeyword.groovy)&#xD;
	at com.kms.katalon.core.webui.keyword.internal.WebUIKeywordMain.runKeyword(WebUIKeywordMain.groovy:20)&#xD;
	at com.kms.katalon.core.webui.keyword.builtin.VerifyElementPresentKeyword.verifyElementPresent(VerifyElementPresentKeyword.groovy:92)&#xD;
	at com.kms.katalon.core.webui.keyword.builtin.VerifyElementPresentKeyword.execute(VerifyElementPresentKeyword.groovy:68)&#xD;
	at com.kms.katalon.core.keyword.internal.KeywordExecutor.executeKeywordForPlatform(KeywordExecutor.groovy:56)&#xD;
	at com.kms.katalon.core.webui.keyword.WebUiBuiltInKeywords.verifyElementPresent(WebUiBuiltInKeywords.groovy:1418)&#xD;
	at com.kms.katalon.core.webui.keyword.WebUiBuiltInKeywords$verifyElementPresent$8.call(Unknown Source)&#xD;
	at pageObjects.NotificationPage.clickConfirmed(NotificationPage.groovy:153)&#xD;
	at ConfirmDataPreparation.run(ConfirmDataPreparation:34)&#xD;
	at com.kms.katalon.core.main.ScriptEngine.run(ScriptEngine.java:194)&#xD;
	at com.kms.katalon.core.main.ScriptEngine.runScriptAsRawText(ScriptEngine.java:119)&#xD;
	at com.kms.katalon.core.main.TestCaseExecutor.runScript(TestCaseExecutor.java:337)&#xD;
	at com.kms.katalon.core.main.TestCaseExecutor.doExecute(TestCaseExecutor.java:328)&#xD;
	at com.kms.katalon.core.main.TestCaseExecutor.processExecutionPhase(TestCaseExecutor.java:307)&#xD;
	at com.kms.katalon.core.main.TestCaseExecutor.accessMainPhase(TestCaseExecutor.java:299)&#xD;
	at com.kms.katalon.core.main.TestCaseExecutor.execute(TestCaseExecutor.java:233)&#xD;
	at com.kms.katalon.core.main.TestSuiteExecutor.accessTestCaseMainPhase(TestSuiteExecutor.java:133)&#xD;
	at com.kms.katalon.core.main.TestSuiteExecutor.accessTestSuiteMainPhase(TestSuiteExecutor.java:116)&#xD;
	at com.kms.katalon.core.main.TestSuiteExecutor.execute(TestSuiteExecutor.java:83)&#xD;
	at com.kms.katalon.core.main.TestCaseMain.startTestSuite(TestCaseMain.java:157)&#xD;
	at com.kms.katalon.core.main.TestCaseMain$startTestSuite$0.call(Unknown Source)&#xD;
	at TempTestSuite1566482799294.run(TempTestSuite1566482799294.groovy:35)&#xD;
)&#xD;
[[ATTACHMENT|C:\\ML\\JITS\\AYA\\Automation\\FBE\\FBE\\Reports\\DataPreparation\\PartyOnboardingPersonal\\20190822_203639\\1566482880157.png]]</system-out>
            <system-err></system-err>
        </testcase>
        <testcase name="Test Cases/LogOutFromSystem" classname="Test Cases/LogOutFromSystem" status="PASSED">
            <system-out>2019-08-22 20:38:00 - [TEST_CASE][PASSED] - Test Cases/LogOutFromSystem: Test Cases/LogOutFromSystem&#xD;
&#xD;
2019-08-22 20:38:00 - [TEST_STEP][PASSED] - Start listener action : sampleBeforeTestCase: null&#xD;
&#xD;
2019-08-22 20:38:00 - [TEST_STEP][PASSED] - testCaseID = testCaseContext.getTestCaseId(): null&#xD;
&#xD;
2019-08-22 20:38:00 - [TEST_STEP][PASSED] - click(findTestObject("LogOut/Menu_Logoff")): Object: 'Object Repository/LogOut/Menu_Logoff' is clicked on&#xD;
&#xD;
2019-08-22 20:38:00 - [MESSAGE][PASSED] - Object: 'Object Repository/LogOut/Menu_Logoff' is clicked on&#xD;
&#xD;
2019-08-22 20:38:00 - [TEST_STEP][PASSED] - click(findTestObject("LogOut/SignOut")): Object: 'Object Repository/LogOut/SignOut' is clicked on&#xD;
&#xD;
2019-08-22 20:38:01 - [MESSAGE][PASSED] - Object: 'Object Repository/LogOut/SignOut' is clicked on</system-out>
            <system-err></system-err>
        </testcase>
        <system-out>2019-08-22 20:36:42 - [TEST_SUITE][INCOMPLETE] - PartyOnboardingPersonal: null</system-out>
        <system-err>2019-08-22 20:36:42 - [TEST_SUITE][INCOMPLETE] - PartyOnboardingPersonal: null</system-err>
    </testsuite>
</testsuites>
